mode: set
depeche/internal/delivery/handlers/feed.go:16.60,20.2 1 1
depeche/internal/delivery/handlers/feed.go:35.55,37.13 2 1
depeche/internal/delivery/handlers/feed.go:37.13,40.3 2 0
depeche/internal/delivery/handlers/feed.go:42.2,48.16 3 1
depeche/internal/delivery/handlers/feed.go:48.16,51.3 2 1
depeche/internal/delivery/handlers/feed.go:53.2,58.16 3 1
depeche/internal/delivery/handlers/feed.go:58.16,61.3 2 0
depeche/internal/delivery/handlers/feed.go:63.2,67.4 1 1
depeche/internal/delivery/handlers/handler.go:9.103,15.2 1 1
depeche/internal/delivery/handlers/post.go:8.33,10.2 0 0
depeche/internal/delivery/handlers/post.go:12.39,14.2 0 0
depeche/internal/delivery/handlers/post.go:16.36,18.2 0 0
depeche/internal/delivery/handlers/post.go:20.34,22.2 0 0
depeche/internal/delivery/handlers/user.go:19.90,24.2 1 1
depeche/internal/delivery/handlers/user.go:38.49,44.16 3 1
depeche/internal/delivery/handlers/user.go:44.16,47.3 2 1
depeche/internal/delivery/handlers/user.go:49.2,50.16 2 1
depeche/internal/delivery/handlers/user.go:50.16,53.3 2 1
depeche/internal/delivery/handlers/user.go:55.2,56.16 2 1
depeche/internal/delivery/handlers/user.go:56.16,59.3 2 0
depeche/internal/delivery/handlers/user.go:60.2,71.27 3 1
depeche/internal/delivery/handlers/user.go:88.49,93.16 3 1
depeche/internal/delivery/handlers/user.go:93.16,96.3 2 1
depeche/internal/delivery/handlers/user.go:98.2,99.16 2 1
depeche/internal/delivery/handlers/user.go:99.16,102.3 2 1
depeche/internal/delivery/handlers/user.go:104.2,105.16 2 1
depeche/internal/delivery/handlers/user.go:105.16,108.3 2 0
depeche/internal/delivery/handlers/user.go:109.2,120.27 3 1
depeche/internal/delivery/handlers/user.go:132.49,134.16 2 0
depeche/internal/delivery/handlers/user.go:134.16,137.3 2 0
depeche/internal/delivery/handlers/user.go:138.2,139.16 2 0
depeche/internal/delivery/handlers/user.go:139.16,142.3 2 0
depeche/internal/delivery/handlers/user.go:144.2,155.27 3 0
depeche/internal/delivery/handlers/user.go:158.52,160.16 2 0
depeche/internal/delivery/handlers/user.go:160.16,163.3 2 0
depeche/internal/delivery/handlers/user.go:164.2,165.16 2 0
depeche/internal/delivery/handlers/user.go:165.16,168.3 2 0
depeche/internal/delivery/handlers/user.go:170.2,170.27 1 0
depeche/internal/delivery/middleware/auth.go:14.70,18.2 1 0
depeche/internal/delivery/middleware/auth.go:20.56,21.32 1 0
depeche/internal/delivery/middleware/auth.go:21.32,23.17 2 0
depeche/internal/delivery/middleware/auth.go:23.17,30.4 3 0
depeche/internal/delivery/middleware/auth.go:31.3,32.17 2 0
depeche/internal/delivery/middleware/auth.go:32.17,39.4 3 0
depeche/internal/delivery/middleware/auth.go:41.3,41.34 1 0
depeche/internal/delivery/middleware/cors.go:8.29,17.2 6 0
depeche/internal/delivery/middleware/error.go:9.40,10.32 1 1
depeche/internal/delivery/middleware/error.go:10.32,13.27 2 1
depeche/internal/delivery/middleware/error.go:13.27,17.4 2 1
depeche/internal/delivery/middleware/error.go:19.3,23.5 2 1
depeche/internal/repository/local_storage/feed.go:13.36,18.2 1 1
depeche/internal/repository/local_storage/feed.go:20.135,22.2 1 1
depeche/internal/repository/local_storage/feed.go:24.134,26.2 1 1
depeche/internal/repository/local_storage/user.go:14.36,18.2 1 1
depeche/internal/repository/local_storage/user.go:20.69,24.2 3 0
depeche/internal/repository/local_storage/user.go:26.77,30.17 4 1
depeche/internal/repository/local_storage/user.go:30.17,32.3 1 1
depeche/internal/repository/local_storage/user.go:33.2,33.18 1 1
depeche/internal/repository/local_storage/user.go:36.86,40.2 3 0
depeche/internal/repository/local_storage/user.go:42.80,45.32 3 1
depeche/internal/repository/local_storage/user.go:45.32,47.3 1 1
depeche/internal/repository/local_storage/user.go:48.2,49.18 2 1
depeche/internal/session/session.go:13.36,15.2 1 0
depeche/internal/session/repository/local_storage/session_storage.go:14.48,18.2 1 1
depeche/internal/session/repository/local_storage/session_storage.go:20.86,25.2 4 1
depeche/internal/session/repository/local_storage/session_storage.go:27.77,31.19 4 0
depeche/internal/session/repository/local_storage/session_storage.go:31.19,33.3 1 0
depeche/internal/session/repository/local_storage/session_storage.go:34.2,34.20 1 0
depeche/internal/session/repository/local_storage/session_storage.go:37.60,41.19 4 0
depeche/internal/session/repository/local_storage/session_storage.go:41.19,43.3 1 0
depeche/internal/session/repository/local_storage/session_storage.go:44.2,45.12 2 0
depeche/internal/session/service/auth.go:22.62,26.2 1 1
depeche/internal/session/service/auth.go:28.73,30.16 2 1
depeche/internal/session/service/auth.go:30.16,32.3 1 0
depeche/internal/session/service/auth.go:33.2,39.16 3 1
depeche/internal/session/service/auth.go:39.16,41.3 1 0
depeche/internal/session/service/auth.go:42.2,42.19 1 1
depeche/internal/session/service/auth.go:45.50,47.16 2 0
depeche/internal/session/service/auth.go:47.16,49.3 1 0
depeche/internal/session/service/auth.go:50.2,50.12 1 0
depeche/internal/session/service/auth.go:53.76,55.16 2 0
depeche/internal/session/service/auth.go:55.16,57.3 1 0
depeche/internal/session/service/auth.go:58.2,58.20 1 0
depeche/internal/usecase/service/feed.go:15.76,19.2 1 1
depeche/internal/usecase/service/feed.go:21.128,23.16 2 1
depeche/internal/usecase/service/feed.go:23.16,25.3 1 0
depeche/internal/usecase/service/feed.go:27.2,28.16 2 1
depeche/internal/usecase/service/feed.go:28.16,30.3 1 0
depeche/internal/usecase/service/feed.go:32.2,36.44 4 1
depeche/internal/usecase/service/feed.go:36.44,38.3 1 1
depeche/internal/usecase/service/feed.go:40.2,40.34 1 1
depeche/internal/usecase/service/feed.go:40.34,42.3 1 1
depeche/internal/usecase/service/feed.go:44.2,44.19 1 0
depeche/internal/usecase/service/user.go:14.66,18.2 1 1
depeche/internal/usecase/service/user.go:20.76,22.16 2 1
depeche/internal/usecase/service/user.go:22.16,24.3 1 1
depeche/internal/usecase/service/user.go:25.2,25.38 1 1
depeche/internal/usecase/service/user.go:25.38,27.3 1 1
depeche/internal/usecase/service/user.go:29.2,29.20 1 1
depeche/internal/usecase/service/user.go:32.76,34.2 1 1
depeche/internal/delivery/middleware/auth.go:14.70,18.2 1 0
depeche/internal/delivery/middleware/auth.go:20.56,21.32 1 1
depeche/internal/delivery/middleware/auth.go:21.32,23.17 2 1
depeche/internal/delivery/middleware/auth.go:23.17,30.4 3 1
depeche/internal/delivery/middleware/auth.go:31.3,32.17 2 1
depeche/internal/delivery/middleware/auth.go:32.17,39.4 3 0
depeche/internal/delivery/middleware/auth.go:41.3,41.34 1 1
depeche/internal/delivery/middleware/cors.go:8.29,17.2 6 0
depeche/internal/delivery/middleware/error.go:9.40,10.32 1 1
depeche/internal/delivery/middleware/error.go:10.32,13.27 2 1
depeche/internal/delivery/middleware/error.go:13.27,17.4 2 1
depeche/internal/delivery/middleware/error.go:19.3,23.5 2 0
depeche/internal/repository/local_storage/feed.go:13.36,18.2 1 0
depeche/internal/repository/local_storage/feed.go:20.135,22.2 1 0
depeche/internal/repository/local_storage/feed.go:24.134,26.2 1 0
depeche/internal/repository/local_storage/user.go:14.36,18.2 1 1
depeche/internal/repository/local_storage/user.go:20.69,24.2 3 0
depeche/internal/repository/local_storage/user.go:26.77,30.17 4 0
depeche/internal/repository/local_storage/user.go:30.17,32.3 1 0
depeche/internal/repository/local_storage/user.go:33.2,33.18 1 0
depeche/internal/repository/local_storage/user.go:36.86,40.2 3 0
depeche/internal/repository/local_storage/user.go:42.80,45.32 3 0
depeche/internal/repository/local_storage/user.go:45.32,47.3 1 0
depeche/internal/repository/local_storage/user.go:48.2,49.18 2 0
depeche/internal/session/session.go:13.36,15.2 1 0
depeche/internal/session/service/auth.go:22.62,26.2 1 0
depeche/internal/session/service/auth.go:28.73,30.16 2 0
depeche/internal/session/service/auth.go:30.16,32.3 1 0
depeche/internal/session/service/auth.go:33.2,39.16 3 0
depeche/internal/session/service/auth.go:39.16,41.3 1 0
depeche/internal/session/service/auth.go:42.2,42.19 1 0
depeche/internal/session/service/auth.go:45.50,47.16 2 0
depeche/internal/session/service/auth.go:47.16,49.3 1 0
depeche/internal/session/service/auth.go:50.2,50.12 1 0
depeche/internal/session/service/auth.go:53.76,55.16 2 0
depeche/internal/session/service/auth.go:55.16,57.3 1 0
depeche/internal/session/service/auth.go:58.2,58.20 1 0
