mode: atomic
depeche/internal/delivery/dto/models.go:56.55,58.21 1 0
depeche/internal/delivery/dto/models.go:58.21,60.3 1 0
depeche/internal/delivery/dto/models.go:61.2,72.3 1 0
depeche/internal/delivery/dto/models.go:75.38,77.2 1 0
depeche/internal/delivery/dto/models.go:79.38,81.2 1 0
depeche/internal/repository/utils.go:13.58,16.47 3 0
depeche/internal/repository/utils.go:16.47,17.20 1 0
depeche/internal/repository/utils.go:17.20,18.41 1 0
depeche/internal/repository/utils.go:18.41,21.5 2 0
depeche/internal/repository/utils.go:24.2,24.22 1 0
depeche/internal/repository/utils.go:24.22,26.3 1 0
depeche/internal/repository/utils.go:28.2,34.16 5 0
depeche/internal/repository/utils.go:34.16,36.3 1 0
depeche/internal/repository/utils.go:38.2,38.12 1 0
depeche/internal/repository/utils.go:41.36,42.18 1 0
depeche/internal/repository/utils.go:42.18,44.3 1 0
depeche/internal/repository/utils.go:45.2,46.20 2 0
depeche/internal/repository/utils.go:47.121,48.21 1 0
depeche/internal/repository/utils.go:50.2,50.14 1 0
depeche/internal/repository/postgres/feed.go:14.60,18.2 1 0
depeche/internal/repository/postgres/feed.go:20.106,42.16 4 0
depeche/internal/repository/postgres/feed.go:42.16,44.3 1 0
depeche/internal/repository/postgres/feed.go:46.2,47.16 2 0
depeche/internal/repository/postgres/feed.go:47.16,49.3 1 0
depeche/internal/repository/postgres/feed.go:50.2,50.19 1 0
depeche/internal/repository/postgres/feed.go:53.105,56.2 1 0
depeche/internal/repository/postgres/message.go:20.69,22.2 1 0
depeche/internal/repository/postgres/message.go:24.92,33.16 3 0
depeche/internal/repository/postgres/message.go:33.16,36.3 2 0
depeche/internal/repository/postgres/message.go:38.2,39.16 2 0
depeche/internal/repository/postgres/message.go:39.16,42.3 2 0
depeche/internal/repository/postgres/message.go:43.2,43.17 1 0
depeche/internal/repository/postgres/message.go:46.90,49.16 3 0
depeche/internal/repository/postgres/message.go:49.16,51.3 1 0
depeche/internal/repository/postgres/message.go:52.2,52.18 1 0
depeche/internal/repository/postgres/message.go:52.18,55.17 3 0
depeche/internal/repository/postgres/message.go:55.17,57.4 1 0
depeche/internal/repository/postgres/message.go:58.3,58.30 1 0
depeche/internal/repository/postgres/message.go:60.2,60.19 1 0
depeche/internal/repository/postgres/message.go:63.129,65.16 2 0
depeche/internal/repository/postgres/message.go:65.16,67.3 1 0
depeche/internal/repository/postgres/message.go:68.2,68.16 1 0
depeche/internal/repository/postgres/message.go:68.16,70.3 1 0
depeche/internal/repository/postgres/message.go:72.2,79.16 2 0
depeche/internal/repository/postgres/message.go:79.16,81.3 1 0
depeche/internal/repository/postgres/message.go:83.2,84.16 2 0
depeche/internal/repository/postgres/message.go:84.16,86.3 1 0
depeche/internal/repository/postgres/message.go:88.2,88.35 1 0
depeche/internal/repository/postgres/message.go:88.35,90.17 2 0
depeche/internal/repository/postgres/message.go:90.17,92.4 1 0
depeche/internal/repository/postgres/message.go:94.3,94.28 1 0
depeche/internal/repository/postgres/message.go:97.2,97.22 1 0
depeche/internal/repository/postgres/message.go:100.112,107.16 2 0
depeche/internal/repository/postgres/message.go:107.16,109.3 1 0
depeche/internal/repository/postgres/message.go:111.2,112.16 2 0
depeche/internal/repository/postgres/message.go:112.16,114.3 1 0
depeche/internal/repository/postgres/message.go:116.2,116.29 1 0
depeche/internal/repository/postgres/message.go:116.29,118.17 2 0
depeche/internal/repository/postgres/message.go:118.17,120.4 1 0
depeche/internal/repository/postgres/message.go:121.3,121.25 1 0
depeche/internal/repository/postgres/message.go:124.2,124.19 1 0
depeche/internal/repository/postgres/message.go:127.101,129.28 2 0
depeche/internal/repository/postgres/message.go:130.9,131.46 1 0
depeche/internal/repository/postgres/message.go:132.9,134.17 2 0
depeche/internal/repository/postgres/message.go:134.17,136.4 1 0
depeche/internal/repository/postgres/message.go:137.3,137.20 1 0
depeche/internal/repository/postgres/message.go:137.20,139.4 1 0
depeche/internal/repository/postgres/message.go:141.3,142.17 2 0
depeche/internal/repository/postgres/message.go:142.17,144.4 1 0
depeche/internal/repository/postgres/message.go:146.3,148.17 3 0
depeche/internal/repository/postgres/message.go:148.17,149.40 1 0
depeche/internal/repository/postgres/message.go:149.40,151.5 1 0
depeche/internal/repository/postgres/message.go:152.4,152.17 1 0
depeche/internal/repository/postgres/message.go:155.3,156.17 2 0
depeche/internal/repository/postgres/message.go:156.17,157.40 1 0
depeche/internal/repository/postgres/message.go:157.40,159.5 1 0
depeche/internal/repository/postgres/message.go:160.4,160.17 1 0
depeche/internal/repository/postgres/message.go:163.3,164.17 2 0
depeche/internal/repository/postgres/message.go:164.17,166.4 1 0
depeche/internal/repository/postgres/message.go:168.10,169.53 1 0
depeche/internal/repository/postgres/message.go:173.2,173.26 1 0
depeche/internal/repository/postgres/message.go:176.99,178.16 2 0
depeche/internal/repository/postgres/message.go:178.16,180.3 1 0
depeche/internal/repository/postgres/message.go:182.2,182.19 1 0
depeche/internal/repository/postgres/message.go:182.19,184.3 1 0
depeche/internal/repository/postgres/message.go:186.2,186.17 1 0
depeche/internal/repository/postgres/message.go:189.96,192.16 3 0
depeche/internal/repository/postgres/message.go:192.16,194.3 1 0
depeche/internal/repository/postgres/message.go:196.2,196.18 1 0
depeche/internal/repository/postgres/message.go:199.99,205.16 3 0
depeche/internal/repository/postgres/message.go:205.16,207.3 1 0
depeche/internal/repository/postgres/message.go:209.2,209.24 1 0
depeche/internal/repository/postgres/message.go:212.98,219.26 3 0
depeche/internal/repository/postgres/message.go:219.26,221.3 1 0
depeche/internal/repository/postgres/message.go:222.2,222.16 1 0
depeche/internal/repository/postgres/message.go:222.16,224.3 1 0
depeche/internal/repository/postgres/message.go:226.2,226.21 1 0
depeche/internal/repository/postgres/message.go:229.86,235.16 3 0
depeche/internal/repository/postgres/message.go:235.16,237.3 1 0
depeche/internal/repository/postgres/message.go:239.2,239.16 1 0
depeche/internal/repository/postgres/message.go:239.16,241.3 1 0
depeche/internal/repository/postgres/message.go:243.2,243.18 1 0
depeche/internal/repository/postgres/message.go:246.119,249.16 3 0
depeche/internal/repository/postgres/message.go:249.16,251.3 1 0
depeche/internal/repository/postgres/message.go:252.2,253.38 2 0
depeche/internal/repository/postgres/message.go:253.38,256.17 3 0
depeche/internal/repository/postgres/message.go:256.17,258.4 1 0
depeche/internal/repository/postgres/message.go:260.3,265.17 2 0
depeche/internal/repository/postgres/message.go:265.17,267.4 1 0
depeche/internal/repository/postgres/message.go:270.2,270.16 1 0
depeche/internal/repository/postgres/message.go:270.16,272.3 1 0
depeche/internal/repository/postgres/message.go:273.2,273.12 1 0
depeche/internal/repository/postgres/post.go:18.63,22.2 1 0
depeche/internal/repository/postgres/post.go:24.113,29.16 3 0
depeche/internal/repository/postgres/post.go:29.16,31.3 1 0
depeche/internal/repository/postgres/post.go:34.2,38.16 3 0
depeche/internal/repository/postgres/post.go:38.16,39.27 1 0
depeche/internal/repository/postgres/post.go:39.27,41.4 1 0
depeche/internal/repository/postgres/post.go:41.9,43.4 1 0
depeche/internal/repository/postgres/post.go:46.2,46.30 1 0
depeche/internal/repository/postgres/post.go:49.81,57.26 3 0
depeche/internal/repository/postgres/post.go:57.26,59.3 1 0
depeche/internal/repository/postgres/post.go:60.2,60.16 1 0
depeche/internal/repository/postgres/post.go:60.16,62.3 1 0
depeche/internal/repository/postgres/post.go:64.2,64.18 1 0
depeche/internal/repository/postgres/post.go:67.108,77.16 2 0
depeche/internal/repository/postgres/post.go:77.16,79.3 1 0
depeche/internal/repository/postgres/post.go:81.2,82.16 2 0
depeche/internal/repository/postgres/post.go:82.16,84.3 1 0
depeche/internal/repository/postgres/post.go:85.2,85.19 1 0
depeche/internal/repository/postgres/post.go:88.103,97.16 2 0
depeche/internal/repository/postgres/post.go:97.16,99.3 1 0
depeche/internal/repository/postgres/post.go:101.2,102.16 2 0
depeche/internal/repository/postgres/post.go:102.16,104.3 1 0
depeche/internal/repository/postgres/post.go:106.2,106.19 1 0
depeche/internal/repository/postgres/post.go:109.79,113.2 1 0
depeche/internal/repository/postgres/post.go:115.101,117.30 1 0
depeche/internal/repository/postgres/post.go:117.31,119.3 0 0
depeche/internal/repository/postgres/post.go:119.8,122.27 3 0
depeche/internal/repository/postgres/post.go:122.27,124.4 1 0
depeche/internal/repository/postgres/post.go:125.3,125.17 1 0
depeche/internal/repository/postgres/post.go:125.17,127.4 1 0
depeche/internal/repository/postgres/post.go:129.3,129.21 1 0
depeche/internal/repository/postgres/post.go:130.14,131.20 1 0
depeche/internal/repository/postgres/post.go:132.18,134.20 1 0
depeche/internal/repository/postgres/post.go:135.11,136.50 1 0
depeche/internal/repository/postgres/post.go:140.2,140.18 1 0
depeche/internal/repository/postgres/post.go:143.95,147.16 3 0
depeche/internal/repository/postgres/post.go:147.16,149.3 1 0
depeche/internal/repository/postgres/post.go:151.2,153.30 3 0
depeche/internal/repository/postgres/post.go:153.30,156.17 3 0
depeche/internal/repository/postgres/post.go:156.17,158.4 1 0
depeche/internal/repository/postgres/post.go:160.3,160.25 1 0
depeche/internal/repository/postgres/post.go:160.25,161.40 1 0
depeche/internal/repository/postgres/post.go:161.40,163.5 1 0
depeche/internal/repository/postgres/post.go:164.4,164.50 1 0
depeche/internal/repository/postgres/post.go:166.8,166.33 1 0
depeche/internal/repository/postgres/post.go:166.33,169.17 3 0
depeche/internal/repository/postgres/post.go:169.17,171.4 1 0
depeche/internal/repository/postgres/post.go:173.3,173.73 1 0
depeche/internal/repository/postgres/post.go:173.73,174.40 1 0
depeche/internal/repository/postgres/post.go:174.40,176.5 1 0
depeche/internal/repository/postgres/post.go:177.4,177.48 1 0
depeche/internal/repository/postgres/post.go:181.2,183.16 2 0
depeche/internal/repository/postgres/post.go:183.16,184.39 1 0
depeche/internal/repository/postgres/post.go:184.39,186.4 1 0
depeche/internal/repository/postgres/post.go:187.3,187.16 1 0
depeche/internal/repository/postgres/post.go:190.2,200.16 3 0
depeche/internal/repository/postgres/post.go:200.16,202.3 1 0
depeche/internal/repository/postgres/post.go:204.2,205.16 2 0
depeche/internal/repository/postgres/post.go:205.16,207.3 1 0
depeche/internal/repository/postgres/post.go:210.2,210.20 1 0
depeche/internal/repository/postgres/post.go:213.87,218.16 5 0
depeche/internal/repository/postgres/post.go:218.16,220.3 1 0
depeche/internal/repository/postgres/post.go:222.2,222.15 1 0
depeche/internal/repository/postgres/post.go:222.15,224.3 1 0
depeche/internal/repository/postgres/post.go:226.2,233.16 4 0
depeche/internal/repository/postgres/post.go:233.16,235.3 1 0
depeche/internal/repository/postgres/post.go:237.2,237.12 1 0
depeche/internal/repository/postgres/post.go:240.87,245.16 3 0
depeche/internal/repository/postgres/post.go:245.16,247.3 1 0
depeche/internal/repository/postgres/post.go:249.2,250.16 2 0
depeche/internal/repository/postgres/post.go:250.16,252.3 1 0
depeche/internal/repository/postgres/post.go:254.2,254.23 1 0
depeche/internal/repository/postgres/post.go:254.23,256.3 1 0
depeche/internal/repository/postgres/post.go:258.2,258.12 1 0
depeche/internal/repository/postgres/post.go:261.72,264.18 3 0
depeche/internal/repository/postgres/post.go:264.18,267.17 3 0
depeche/internal/repository/postgres/post.go:267.17,269.4 1 0
depeche/internal/repository/postgres/post.go:270.3,271.30 2 0
depeche/internal/repository/postgres/post.go:273.2,273.19 1 0
depeche/internal/repository/postgres/user.go:26.65,30.2 1 0
depeche/internal/repository/postgres/user.go:32.94,36.16 4 0
depeche/internal/repository/postgres/user.go:36.16,37.27 1 0
depeche/internal/repository/postgres/user.go:37.27,39.4 1 0
depeche/internal/repository/postgres/user.go:40.3,40.43 1 0
depeche/internal/repository/postgres/user.go:42.2,42.18 1 0
depeche/internal/repository/postgres/user.go:45.72,49.16 4 0
depeche/internal/repository/postgres/user.go:49.16,51.27 2 0
depeche/internal/repository/postgres/user.go:51.27,53.4 1 0
depeche/internal/repository/postgres/user.go:54.3,54.43 1 0
depeche/internal/repository/postgres/user.go:56.2,56.18 1 0
depeche/internal/repository/postgres/user.go:59.78,63.16 4 0
depeche/internal/repository/postgres/user.go:63.16,65.27 2 0
depeche/internal/repository/postgres/user.go:65.27,67.4 1 0
depeche/internal/repository/postgres/user.go:68.3,68.43 1 0
depeche/internal/repository/postgres/user.go:70.2,70.18 1 0
depeche/internal/repository/postgres/user.go:73.80,77.16 4 0
depeche/internal/repository/postgres/user.go:77.16,78.27 1 0
depeche/internal/repository/postgres/user.go:78.27,80.4 1 0
depeche/internal/repository/postgres/user.go:81.3,81.43 1 0
depeche/internal/repository/postgres/user.go:83.2,83.18 1 0
depeche/internal/repository/postgres/user.go:86.104,89.16 3 0
depeche/internal/repository/postgres/user.go:89.16,91.3 1 0
depeche/internal/repository/postgres/user.go:92.2,92.18 1 0
depeche/internal/repository/postgres/user.go:92.18,94.47 2 0
depeche/internal/repository/postgres/user.go:94.47,96.4 1 0
depeche/internal/repository/postgres/user.go:97.3,97.30 1 0
depeche/internal/repository/postgres/user.go:99.2,99.19 1 0
depeche/internal/repository/postgres/user.go:102.107,105.16 3 0
depeche/internal/repository/postgres/user.go:105.16,107.3 1 0
depeche/internal/repository/postgres/user.go:108.2,108.18 1 0
depeche/internal/repository/postgres/user.go:108.18,110.47 2 0
depeche/internal/repository/postgres/user.go:110.47,112.4 1 0
depeche/internal/repository/postgres/user.go:113.3,113.30 1 0
depeche/internal/repository/postgres/user.go:115.2,115.19 1 0
depeche/internal/repository/postgres/user.go:118.108,121.16 3 0
depeche/internal/repository/postgres/user.go:121.16,123.3 1 0
depeche/internal/repository/postgres/user.go:124.2,124.18 1 0
depeche/internal/repository/postgres/user.go:124.18,126.47 2 0
depeche/internal/repository/postgres/user.go:126.47,128.4 1 0
depeche/internal/repository/postgres/user.go:129.3,129.30 1 0
depeche/internal/repository/postgres/user.go:131.2,131.19 1 0
depeche/internal/repository/postgres/user.go:134.95,137.16 3 0
depeche/internal/repository/postgres/user.go:137.16,138.27 1 0
depeche/internal/repository/postgres/user.go:138.27,140.4 1 0
depeche/internal/repository/postgres/user.go:141.3,141.43 1 0
depeche/internal/repository/postgres/user.go:143.2,143.18 1 0
depeche/internal/repository/postgres/user.go:143.18,145.47 2 0
depeche/internal/repository/postgres/user.go:145.47,147.4 1 0
depeche/internal/repository/postgres/user.go:148.3,148.30 1 0
depeche/internal/repository/postgres/user.go:150.2,150.19 1 0
depeche/internal/repository/postgres/user.go:153.72,155.16 2 0
depeche/internal/repository/postgres/user.go:155.16,157.3 1 0
depeche/internal/repository/postgres/user.go:158.2,158.12 1 0
depeche/internal/repository/postgres/user.go:161.70,164.16 3 0
depeche/internal/repository/postgres/user.go:164.16,166.3 1 0
depeche/internal/repository/postgres/user.go:168.2,168.20 1 0
depeche/internal/repository/postgres/user.go:171.93,173.16 2 0
depeche/internal/repository/postgres/user.go:173.16,174.37 1 0
depeche/internal/repository/postgres/user.go:174.37,175.20 1 0
depeche/internal/repository/postgres/user.go:176.35,177.45 1 0
depeche/internal/repository/postgres/user.go:178.12,179.47 1 0
depeche/internal/repository/postgres/user.go:182.3,182.45 1 0
depeche/internal/repository/postgres/user.go:184.2,184.19 1 0
depeche/internal/repository/postgres/user.go:187.83,190.16 2 0
depeche/internal/repository/postgres/user.go:190.16,194.3 2 0
depeche/internal/repository/postgres/user.go:195.2,196.16 2 0
depeche/internal/repository/postgres/user.go:196.16,198.3 1 0
depeche/internal/repository/postgres/user.go:199.2,199.19 1 0
depeche/internal/repository/postgres/user.go:202.83,204.16 2 0
depeche/internal/repository/postgres/user.go:204.16,209.3 2 0
depeche/internal/repository/postgres/user.go:210.2,211.16 2 0
depeche/internal/repository/postgres/user.go:211.16,213.3 1 0
depeche/internal/repository/postgres/user.go:214.2,214.12 1 0
depeche/internal/repository/postgres/user.go:217.83,220.16 2 0
depeche/internal/repository/postgres/user.go:220.16,224.3 2 0
depeche/internal/repository/postgres/user.go:226.2,228.16 3 0
depeche/internal/repository/postgres/user.go:228.16,233.3 2 0
depeche/internal/repository/postgres/user.go:235.2,236.16 2 0
depeche/internal/repository/postgres/user.go:236.16,241.3 2 0
depeche/internal/repository/postgres/user.go:242.2,243.16 2 0
depeche/internal/repository/postgres/user.go:243.16,248.3 2 0
depeche/internal/repository/postgres/user.go:249.2,249.18 1 0
depeche/internal/repository/postgres/user.go:252.99,256.42 3 0
depeche/internal/repository/postgres/user.go:256.42,258.10 2 0
depeche/internal/repository/postgres/user.go:258.10,259.12 1 0
depeche/internal/repository/postgres/user.go:261.3,261.63 1 0
depeche/internal/repository/postgres/user.go:261.63,264.4 2 0
depeche/internal/repository/postgres/user.go:266.2,271.16 6 0
depeche/internal/repository/postgres/user.go:271.16,274.3 2 0
depeche/internal/repository/postgres/user.go:276.2,277.16 2 0
depeche/internal/repository/postgres/user.go:277.16,279.3 1 0
depeche/internal/repository/postgres/user.go:281.2,281.17 1 0
depeche/internal/repository/postgres/user.go:296.58,299.16 3 0
depeche/internal/repository/postgres/user.go:299.16,301.3 1 0
depeche/internal/repository/postgres/user.go:302.2,302.12 1 0
depeche/internal/repository/postgres/user.go:305.118,307.16 2 0
depeche/internal/repository/postgres/user.go:307.16,308.27 1 0
depeche/internal/repository/postgres/user.go:308.27,310.4 1 0
depeche/internal/repository/postgres/user.go:311.3,311.43 1 0
depeche/internal/repository/postgres/user.go:314.2,315.18 2 0
depeche/internal/repository/postgres/user.go:315.18,318.17 3 0
depeche/internal/repository/postgres/user.go:318.17,320.4 1 0
depeche/internal/repository/postgres/user.go:321.3,321.39 1 0
depeche/internal/repository/postgres/user.go:323.2,323.22 1 0
depeche/internal/repository/postgres/user.go:328.79,331.16 3 0
depeche/internal/repository/postgres/user.go:331.16,333.3 1 0
depeche/internal/repository/postgres/user.go:334.2,334.22 1 0
depeche/internal/repository/postgres/user.go:338.83,341.16 3 0
depeche/internal/repository/postgres/user.go:341.16,343.3 1 0
depeche/internal/repository/postgres/user.go:344.2,344.19 1 0
depeche/internal/repository/postgres/user.go:348.83,351.16 3 0
depeche/internal/repository/postgres/user.go:351.16,353.3 1 0
depeche/internal/repository/postgres/user.go:354.2,354.19 1 0
depeche/internal/repository/postgres/user.go:358.88,361.16 3 0
depeche/internal/repository/postgres/user.go:361.16,363.3 1 0
depeche/internal/repository/postgres/user.go:364.2,364.21 1 0
depeche/internal/utils/escaping.go:9.94,11.40 2 0
depeche/internal/utils/escaping.go:11.40,14.37 3 0
depeche/internal/utils/escaping.go:14.37,17.4 2 0
depeche/internal/utils/escaping.go:19.2,19.12 1 0
depeche/internal/utils/hasher.go:8.30,13.2 4 0
depeche/internal/utils/time.go:7.33,10.2 2 0
depeche/pkg/apperror/errors.go:34.68,39.2 1 0
depeche/pkg/apperror/errors.go:41.39,43.2 1 0
depeche/pkg/apperror/errors.go:45.39,47.2 1 0
depeche/internal/delivery/dto/models.go:56.55,58.21 1 0
depeche/internal/delivery/dto/models.go:58.21,60.3 1 0
depeche/internal/delivery/dto/models.go:61.2,72.3 1 0
depeche/internal/delivery/dto/models.go:75.38,77.2 1 0
depeche/internal/delivery/dto/models.go:79.38,81.2 1 0
depeche/internal/repository/utils.go:13.58,16.47 3 0
depeche/internal/repository/utils.go:16.47,17.20 1 0
depeche/internal/repository/utils.go:17.20,18.41 1 0
depeche/internal/repository/utils.go:18.41,21.5 2 0
depeche/internal/repository/utils.go:24.2,24.22 1 0
depeche/internal/repository/utils.go:24.22,26.3 1 0
depeche/internal/repository/utils.go:28.2,34.16 5 0
depeche/internal/repository/utils.go:34.16,36.3 1 0
depeche/internal/repository/utils.go:38.2,38.12 1 0
depeche/internal/repository/utils.go:41.36,42.18 1 0
depeche/internal/repository/utils.go:42.18,44.3 1 0
depeche/internal/repository/utils.go:45.2,46.20 2 0
depeche/internal/repository/utils.go:47.121,48.21 1 0
depeche/internal/repository/utils.go:50.2,50.14 1 0
depeche/internal/repository/mocks/user.go:27.73,31.2 3 67
depeche/internal/repository/mocks/user.go:34.71,36.2 1 88
depeche/internal/repository/mocks/user.go:39.73,45.2 5 3
depeche/internal/repository/mocks/user.go:48.90,51.2 2 3
depeche/internal/repository/mocks/user.go:54.86,60.2 5 2
depeche/internal/repository/mocks/user.go:63.85,66.2 2 2
depeche/internal/repository/mocks/user.go:69.60,74.2 4 0
depeche/internal/repository/mocks/user.go:77.85,80.2 2 0
depeche/internal/repository/mocks/user.go:83.104,89.2 5 6
depeche/internal/repository/mocks/user.go:92.97,95.2 2 6
depeche/internal/repository/mocks/user.go:98.118,104.2 5 2
depeche/internal/repository/mocks/user.go:107.111,110.2 2 2
depeche/internal/repository/mocks/user.go:113.108,119.2 5 6
depeche/internal/repository/mocks/user.go:122.101,125.2 2 6
depeche/internal/repository/mocks/user.go:128.107,134.2 5 6
depeche/internal/repository/mocks/user.go:137.100,140.2 2 6
depeche/internal/repository/mocks/user.go:143.96,146.25 3 0
depeche/internal/repository/mocks/user.go:146.25,148.3 1 0
depeche/internal/repository/mocks/user.go:149.2,152.19 4 0
depeche/internal/repository/mocks/user.go:156.103,160.2 3 0
depeche/internal/repository/mocks/user.go:163.82,169.2 5 26
depeche/internal/repository/mocks/user.go:172.89,175.2 2 26
depeche/internal/repository/mocks/user.go:178.77,184.2 5 11
depeche/internal/repository/mocks/user.go:187.86,190.2 2 11
depeche/internal/repository/mocks/user.go:193.81,199.2 5 11
depeche/internal/repository/mocks/user.go:202.88,205.2 2 11
depeche/internal/repository/mocks/user.go:208.94,214.2 5 2
depeche/internal/repository/mocks/user.go:217.95,220.2 2 2
depeche/internal/repository/mocks/user.go:223.89,229.2 5 0
depeche/internal/repository/mocks/user.go:232.98,235.2 2 0
depeche/internal/repository/mocks/user.go:238.80,244.2 5 0
depeche/internal/repository/mocks/user.go:247.89,250.2 2 0
depeche/internal/repository/mocks/user.go:253.84,259.2 5 0
depeche/internal/repository/mocks/user.go:262.93,265.2 2 0
depeche/internal/repository/mocks/user.go:268.75,273.2 4 2
depeche/internal/repository/mocks/user.go:276.100,279.2 2 2
depeche/internal/repository/mocks/user.go:282.79,288.2 5 2
depeche/internal/repository/mocks/user.go:291.96,294.2 2 2
depeche/internal/repository/mocks/user.go:297.75,303.2 5 2
depeche/internal/repository/mocks/user.go:306.92,309.2 2 2
depeche/internal/repository/mocks/user.go:312.68,317.2 4 2
depeche/internal/repository/mocks/user.go:320.93,323.2 2 2
depeche/internal/repository/mocks/user.go:326.101,332.2 5 5
depeche/internal/repository/mocks/user.go:335.91,338.2 2 5
depeche/internal/usecase/service/feed.go:17.112,22.2 1 0
depeche/internal/usecase/service/feed.go:24.97,25.28 1 0
depeche/internal/usecase/service/feed.go:25.28,27.3 1 0
depeche/internal/usecase/service/feed.go:29.2,29.24 1 0
depeche/internal/usecase/service/feed.go:29.24,31.3 1 0
depeche/internal/usecase/service/feed.go:32.2,33.16 2 0
depeche/internal/usecase/service/feed.go:33.16,35.3 1 0
depeche/internal/usecase/service/feed.go:37.2,38.16 2 0
depeche/internal/usecase/service/feed.go:38.16,40.3 1 0
depeche/internal/usecase/service/feed.go:42.2,43.25 2 0
depeche/internal/usecase/service/feed.go:43.25,45.3 1 0
depeche/internal/usecase/service/feed.go:46.2,46.24 1 0
depeche/internal/usecase/service/feed.go:46.24,48.3 1 0
depeche/internal/usecase/service/feed.go:49.2,49.29 1 0
depeche/internal/usecase/service/feed.go:49.29,51.17 2 0
depeche/internal/usecase/service/feed.go:51.17,53.4 1 0
depeche/internal/usecase/service/feed.go:55.2,55.44 1 0
depeche/internal/usecase/service/feed.go:55.44,57.3 1 0
depeche/internal/usecase/service/feed.go:59.2,59.38 1 0
depeche/internal/usecase/service/feed.go:59.38,61.3 1 0
depeche/internal/usecase/service/feed.go:63.2,63.19 1 0
depeche/internal/usecase/service/message.go:18.118,20.2 1 0
depeche/internal/usecase/service/message.go:22.103,24.16 2 0
depeche/internal/usecase/service/message.go:24.16,26.3 1 0
depeche/internal/usecase/service/message.go:27.2,30.16 4 0
depeche/internal/usecase/service/message.go:30.16,32.3 1 0
depeche/internal/usecase/service/message.go:33.2,34.16 2 0
depeche/internal/usecase/service/message.go:34.16,36.3 1 0
depeche/internal/usecase/service/message.go:37.2,39.17 2 0
depeche/internal/usecase/service/message.go:42.90,44.2 1 0
depeche/internal/usecase/service/message.go:46.126,48.16 2 0
depeche/internal/usecase/service/message.go:48.16,50.3 1 0
depeche/internal/usecase/service/message.go:51.2,51.14 1 0
depeche/internal/usecase/service/message.go:51.14,53.3 1 0
depeche/internal/usecase/service/message.go:55.2,55.32 1 0
depeche/internal/usecase/service/message.go:55.32,58.3 2 0
depeche/internal/usecase/service/message.go:60.2,60.75 1 0
depeche/internal/usecase/service/message.go:63.113,65.16 2 0
depeche/internal/usecase/service/message.go:65.16,67.3 1 0
depeche/internal/usecase/service/message.go:68.2,68.14 1 0
depeche/internal/usecase/service/message.go:68.14,70.3 1 0
depeche/internal/usecase/service/message.go:72.2,72.23 1 0
depeche/internal/usecase/service/message.go:72.23,75.3 2 0
depeche/internal/usecase/service/message.go:77.2,77.64 1 0
depeche/internal/usecase/service/message.go:80.111,82.16 2 0
depeche/internal/usecase/service/message.go:82.16,84.3 1 0
depeche/internal/usecase/service/message.go:85.2,85.14 1 0
depeche/internal/usecase/service/message.go:85.14,87.3 1 0
depeche/internal/usecase/service/message.go:89.2,90.16 2 0
depeche/internal/usecase/service/message.go:90.16,92.3 1 0
depeche/internal/usecase/service/message.go:95.2,96.16 2 0
depeche/internal/usecase/service/message.go:96.16,98.3 1 0
depeche/internal/usecase/service/message.go:99.2,102.8 1 0
depeche/internal/usecase/service/message.go:105.99,107.16 2 0
depeche/internal/usecase/service/message.go:107.16,109.3 1 0
depeche/internal/usecase/service/message.go:110.2,110.14 1 0
depeche/internal/usecase/service/message.go:110.14,112.3 1 0
depeche/internal/usecase/service/message.go:113.2,113.62 1 0
depeche/internal/usecase/service/post.go:16.83,20.2 1 0
depeche/internal/usecase/service/post.go:22.105,24.16 2 0
depeche/internal/usecase/service/post.go:24.16,26.3 1 0
depeche/internal/usecase/service/post.go:28.2,28.16 1 0
depeche/internal/usecase/service/post.go:28.16,30.3 1 0
depeche/internal/usecase/service/post.go:32.2,33.16 2 0
depeche/internal/usecase/service/post.go:33.16,35.3 1 0
depeche/internal/usecase/service/post.go:37.2,38.16 2 0
depeche/internal/usecase/service/post.go:38.16,40.3 1 0
depeche/internal/usecase/service/post.go:42.2,45.18 3 0
depeche/internal/usecase/service/post.go:48.118,50.16 2 0
depeche/internal/usecase/service/post.go:50.16,52.3 1 0
depeche/internal/usecase/service/post.go:54.2,54.16 1 0
depeche/internal/usecase/service/post.go:54.16,56.3 1 0
depeche/internal/usecase/service/post.go:58.2,59.16 2 0
depeche/internal/usecase/service/post.go:59.16,61.3 1 0
depeche/internal/usecase/service/post.go:63.2,63.29 1 0
depeche/internal/usecase/service/post.go:63.29,65.17 2 0
depeche/internal/usecase/service/post.go:65.17,67.4 1 0
depeche/internal/usecase/service/post.go:69.3,70.33 2 0
depeche/internal/usecase/service/post.go:73.2,73.19 1 0
depeche/internal/usecase/service/post.go:76.113,78.16 2 0
depeche/internal/usecase/service/post.go:78.16,80.3 1 0
depeche/internal/usecase/service/post.go:82.2,82.16 1 0
depeche/internal/usecase/service/post.go:82.16,84.3 1 0
depeche/internal/usecase/service/post.go:86.2,86.28 1 0
depeche/internal/usecase/service/post.go:86.28,88.3 1 0
depeche/internal/usecase/service/post.go:90.2,91.16 2 0
depeche/internal/usecase/service/post.go:91.16,93.3 1 0
depeche/internal/usecase/service/post.go:95.2,95.29 1 0
depeche/internal/usecase/service/post.go:95.29,97.17 2 0
depeche/internal/usecase/service/post.go:97.17,99.4 1 0
depeche/internal/usecase/service/post.go:101.3,102.33 2 0
depeche/internal/usecase/service/post.go:105.2,105.19 1 0
depeche/internal/usecase/service/post.go:108.99,109.46 1 0
depeche/internal/usecase/service/post.go:109.46,111.3 1 0
depeche/internal/usecase/service/post.go:113.2,113.54 1 0
depeche/internal/usecase/service/post.go:113.54,115.3 1 0
depeche/internal/usecase/service/post.go:116.2,116.54 1 0
depeche/internal/usecase/service/post.go:116.54,118.3 1 0
depeche/internal/usecase/service/post.go:120.2,121.16 2 0
depeche/internal/usecase/service/post.go:121.16,123.3 1 0
depeche/internal/usecase/service/post.go:124.2,124.16 1 0
depeche/internal/usecase/service/post.go:124.16,126.3 1 0
depeche/internal/usecase/service/post.go:127.2,129.16 3 0
depeche/internal/usecase/service/post.go:129.16,131.3 1 0
depeche/internal/usecase/service/post.go:132.2,132.54 1 0
depeche/internal/usecase/service/post.go:135.81,136.23 1 0
depeche/internal/usecase/service/post.go:136.23,138.3 1 0
depeche/internal/usecase/service/post.go:140.2,141.16 2 0
depeche/internal/usecase/service/post.go:141.16,143.3 1 0
depeche/internal/usecase/service/post.go:145.2,145.12 1 0
depeche/internal/usecase/service/post.go:148.81,150.16 2 0
depeche/internal/usecase/service/post.go:150.16,152.3 1 0
depeche/internal/usecase/service/post.go:154.2,154.12 1 0
depeche/internal/usecase/service/post.go:157.41,159.2 0 0
depeche/internal/usecase/service/post.go:161.43,163.2 0 0
depeche/internal/usecase/service/post.go:165.38,167.23 1 0
depeche/internal/usecase/service/user.go:18.66,22.2 1 0
depeche/internal/usecase/service/user.go:24.73,26.16 2 3
depeche/internal/usecase/service/user.go:26.16,28.3 1 1
depeche/internal/usecase/service/user.go:29.2,29.50 1 2
depeche/internal/usecase/service/user.go:29.50,31.3 1 1
depeche/internal/usecase/service/user.go:33.2,33.20 1 1
depeche/internal/usecase/service/user.go:36.73,38.48 2 4
depeche/internal/usecase/service/user.go:38.48,40.3 1 1
depeche/internal/usecase/service/user.go:42.2,42.19 1 3
depeche/internal/usecase/service/user.go:42.19,44.3 1 1
depeche/internal/usecase/service/user.go:46.2,56.16 5 2
depeche/internal/usecase/service/user.go:56.16,58.3 1 1
depeche/internal/usecase/service/user.go:59.2,59.20 1 1
depeche/internal/usecase/service/user.go:62.80,65.16 2 3
depeche/internal/usecase/service/user.go:65.16,67.3 1 2
depeche/internal/usecase/service/user.go:69.2,69.18 1 1
depeche/internal/usecase/service/user.go:72.92,76.16 2 5
depeche/internal/usecase/service/user.go:76.16,78.3 1 3
depeche/internal/usecase/service/user.go:80.2,80.18 1 2
depeche/internal/usecase/service/user.go:83.95,85.16 2 2
depeche/internal/usecase/service/user.go:85.16,87.3 1 1
depeche/internal/usecase/service/user.go:88.2,88.19 1 1
depeche/internal/usecase/service/user.go:91.82,93.32 1 11
depeche/internal/usecase/service/user.go:93.32,95.17 2 4
depeche/internal/usecase/service/user.go:95.17,97.4 1 1
depeche/internal/usecase/service/user.go:98.3,98.38 1 3
depeche/internal/usecase/service/user.go:98.38,100.4 1 1
depeche/internal/usecase/service/user.go:101.3,101.61 1 2
depeche/internal/usecase/service/user.go:101.61,103.4 1 1
depeche/internal/usecase/service/user.go:104.3,104.58 1 1
depeche/internal/usecase/service/user.go:107.2,107.27 1 8
depeche/internal/usecase/service/user.go:107.27,109.17 2 2
depeche/internal/usecase/service/user.go:109.17,111.4 1 1
depeche/internal/usecase/service/user.go:112.3,112.23 1 1
depeche/internal/usecase/service/user.go:116.2,116.25 1 7
depeche/internal/usecase/service/user.go:116.25,118.17 2 3
depeche/internal/usecase/service/user.go:118.17,120.4 1 1
depeche/internal/usecase/service/user.go:122.3,122.13 1 2
depeche/internal/usecase/service/user.go:122.13,124.4 1 1
depeche/internal/usecase/service/user.go:127.2,129.16 3 5
depeche/internal/usecase/service/user.go:129.16,131.3 1 1
depeche/internal/usecase/service/user.go:132.2,132.12 1 4
depeche/internal/usecase/service/user.go:135.69,138.16 3 2
depeche/internal/usecase/service/user.go:138.16,141.3 1 1
depeche/internal/usecase/service/user.go:143.2,143.12 1 1
depeche/internal/usecase/service/user.go:146.71,148.16 2 2
depeche/internal/usecase/service/user.go:148.16,151.3 1 1
depeche/internal/usecase/service/user.go:152.2,152.12 1 1
depeche/internal/usecase/service/user.go:155.71,157.16 2 2
depeche/internal/usecase/service/user.go:157.16,160.3 1 1
depeche/internal/usecase/service/user.go:161.2,161.12 1 1
depeche/internal/usecase/service/user.go:164.101,166.16 2 3
depeche/internal/usecase/service/user.go:166.16,168.3 1 1
depeche/internal/usecase/service/user.go:169.2,170.16 2 2
depeche/internal/usecase/service/user.go:170.16,172.3 1 1
depeche/internal/usecase/service/user.go:173.2,173.19 1 1
depeche/internal/usecase/service/user.go:176.104,178.16 2 3
depeche/internal/usecase/service/user.go:178.16,180.3 1 1
depeche/internal/usecase/service/user.go:181.2,182.16 2 2
depeche/internal/usecase/service/user.go:182.16,184.3 1 1
depeche/internal/usecase/service/user.go:185.2,185.19 1 1
depeche/internal/usecase/service/user.go:188.105,190.16 2 3
depeche/internal/usecase/service/user.go:190.16,192.3 1 1
depeche/internal/usecase/service/user.go:193.2,194.16 2 2
depeche/internal/usecase/service/user.go:194.16,196.3 1 1
depeche/internal/usecase/service/user.go:197.2,197.19 1 1
depeche/internal/usecase/service/user.go:200.109,202.16 2 3
depeche/internal/usecase/service/user.go:202.16,204.3 1 1
depeche/internal/usecase/service/user.go:205.2,206.16 2 2
depeche/internal/usecase/service/user.go:206.16,208.3 1 1
depeche/internal/usecase/service/user.go:210.2,210.19 1 1
depeche/internal/usecase/service/user.go:213.119,216.16 2 7
depeche/internal/usecase/service/user.go:216.16,218.3 1 3
depeche/internal/usecase/service/user.go:220.2,221.16 2 4
depeche/internal/usecase/service/user.go:221.16,223.3 1 2
depeche/internal/usecase/service/user.go:224.2,224.19 1 2
depeche/internal/usecase/service/user.go:227.122,229.16 2 7
depeche/internal/usecase/service/user.go:229.16,231.3 1 3
depeche/internal/usecase/service/user.go:233.2,234.16 2 4
depeche/internal/usecase/service/user.go:234.16,236.3 1 2
depeche/internal/usecase/service/user.go:237.2,237.19 1 2
depeche/internal/usecase/service/user.go:240.123,242.16 2 7
depeche/internal/usecase/service/user.go:242.16,244.3 1 3
depeche/internal/usecase/service/user.go:246.2,247.16 2 4
depeche/internal/usecase/service/user.go:247.16,249.3 1 2
depeche/internal/usecase/service/user.go:250.2,250.19 1 2
depeche/internal/usecase/service/user.go:253.69,254.35 1 26
depeche/internal/usecase/service/user.go:254.35,256.17 2 15
depeche/internal/usecase/service/user.go:256.17,258.4 1 4
depeche/internal/usecase/service/user.go:259.3,259.39 1 11
depeche/internal/usecase/service/user.go:262.2,262.36 1 11
depeche/internal/utils/escaping.go:9.94,11.40 2 7
depeche/internal/utils/escaping.go:11.40,14.37 3 63
depeche/internal/utils/escaping.go:14.37,17.4 2 8
depeche/internal/utils/escaping.go:19.2,19.12 1 7
depeche/internal/utils/hasher.go:8.30,13.2 4 13
depeche/internal/utils/time.go:7.33,10.2 2 4
depeche/pkg/apperror/errors.go:34.68,39.2 1 0
depeche/pkg/apperror/errors.go:41.39,43.2 1 0
depeche/pkg/apperror/errors.go:45.39,47.2 1 0
