mode: atomic
depeche/internal/repository/utils.go:13.58,16.47 3 0
depeche/internal/repository/utils.go:16.47,17.20 1 0
depeche/internal/repository/utils.go:17.20,18.41 1 0
depeche/internal/repository/utils.go:18.41,21.5 2 0
depeche/internal/repository/utils.go:24.2,24.22 1 0
depeche/internal/repository/utils.go:24.22,26.3 1 0
depeche/internal/repository/utils.go:28.2,34.16 5 0
depeche/internal/repository/utils.go:34.16,36.3 1 0
depeche/internal/repository/utils.go:38.2,38.12 1 0
depeche/internal/repository/utils.go:41.36,42.18 1 0
depeche/internal/repository/utils.go:42.18,44.3 1 0
depeche/internal/repository/utils.go:45.2,46.20 2 0
depeche/internal/repository/utils.go:47.121,48.21 1 0
depeche/internal/repository/utils.go:50.2,50.14 1 0
depeche/internal/repository/postgres/feed.go:15.60,19.2 1 0
depeche/internal/repository/postgres/feed.go:21.106,40.16 4 0
depeche/internal/repository/postgres/feed.go:40.16,42.3 1 0
depeche/internal/repository/postgres/feed.go:44.2,45.16 2 0
depeche/internal/repository/postgres/feed.go:45.16,47.3 1 0
depeche/internal/repository/postgres/feed.go:49.2,49.19 1 0
depeche/internal/repository/postgres/feed.go:52.105,55.2 1 0
depeche/internal/repository/postgres/message.go:20.69,22.2 1 0
depeche/internal/repository/postgres/message.go:24.92,33.16 3 0
depeche/internal/repository/postgres/message.go:33.16,36.3 2 0
depeche/internal/repository/postgres/message.go:38.2,39.16 2 0
depeche/internal/repository/postgres/message.go:39.16,42.3 2 0
depeche/internal/repository/postgres/message.go:43.2,43.17 1 0
depeche/internal/repository/postgres/message.go:46.90,49.16 3 0
depeche/internal/repository/postgres/message.go:49.16,51.3 1 0
depeche/internal/repository/postgres/message.go:52.2,52.18 1 0
depeche/internal/repository/postgres/message.go:52.18,55.17 3 0
depeche/internal/repository/postgres/message.go:55.17,57.4 1 0
depeche/internal/repository/postgres/message.go:58.3,58.30 1 0
depeche/internal/repository/postgres/message.go:60.2,60.19 1 0
depeche/internal/repository/postgres/message.go:63.129,65.16 2 0
depeche/internal/repository/postgres/message.go:65.16,67.3 1 0
depeche/internal/repository/postgres/message.go:68.2,68.16 1 0
depeche/internal/repository/postgres/message.go:68.16,70.3 1 0
depeche/internal/repository/postgres/message.go:72.2,79.16 2 0
depeche/internal/repository/postgres/message.go:79.16,81.3 1 0
depeche/internal/repository/postgres/message.go:83.2,84.16 2 0
depeche/internal/repository/postgres/message.go:84.16,86.3 1 0
depeche/internal/repository/postgres/message.go:88.2,88.35 1 0
depeche/internal/repository/postgres/message.go:88.35,90.17 2 0
depeche/internal/repository/postgres/message.go:90.17,92.4 1 0
depeche/internal/repository/postgres/message.go:94.3,94.28 1 0
depeche/internal/repository/postgres/message.go:97.2,97.22 1 0
depeche/internal/repository/postgres/message.go:100.112,107.16 2 0
depeche/internal/repository/postgres/message.go:107.16,109.3 1 0
depeche/internal/repository/postgres/message.go:111.2,112.16 2 0
depeche/internal/repository/postgres/message.go:112.16,114.3 1 0
depeche/internal/repository/postgres/message.go:116.2,116.29 1 0
depeche/internal/repository/postgres/message.go:116.29,118.17 2 0
depeche/internal/repository/postgres/message.go:118.17,120.4 1 0
depeche/internal/repository/postgres/message.go:121.3,121.25 1 0
depeche/internal/repository/postgres/message.go:124.2,124.19 1 0
depeche/internal/repository/postgres/message.go:127.101,129.28 2 0
depeche/internal/repository/postgres/message.go:130.9,131.46 1 0
depeche/internal/repository/postgres/message.go:132.9,134.17 2 0
depeche/internal/repository/postgres/message.go:134.17,136.4 1 0
depeche/internal/repository/postgres/message.go:137.3,137.20 1 0
depeche/internal/repository/postgres/message.go:137.20,139.4 1 0
depeche/internal/repository/postgres/message.go:141.3,142.17 2 0
depeche/internal/repository/postgres/message.go:142.17,144.4 1 0
depeche/internal/repository/postgres/message.go:146.3,148.17 3 0
depeche/internal/repository/postgres/message.go:148.17,149.40 1 0
depeche/internal/repository/postgres/message.go:149.40,151.5 1 0
depeche/internal/repository/postgres/message.go:152.4,152.17 1 0
depeche/internal/repository/postgres/message.go:155.3,156.17 2 0
depeche/internal/repository/postgres/message.go:156.17,157.40 1 0
depeche/internal/repository/postgres/message.go:157.40,159.5 1 0
depeche/internal/repository/postgres/message.go:160.4,160.17 1 0
depeche/internal/repository/postgres/message.go:163.3,164.17 2 0
depeche/internal/repository/postgres/message.go:164.17,166.4 1 0
depeche/internal/repository/postgres/message.go:168.10,169.53 1 0
depeche/internal/repository/postgres/message.go:173.2,173.26 1 0
depeche/internal/repository/postgres/message.go:176.99,178.16 2 0
depeche/internal/repository/postgres/message.go:178.16,180.3 1 0
depeche/internal/repository/postgres/message.go:182.2,182.19 1 0
depeche/internal/repository/postgres/message.go:182.19,184.3 1 0
depeche/internal/repository/postgres/message.go:186.2,186.17 1 0
depeche/internal/repository/postgres/message.go:189.96,192.16 3 0
depeche/internal/repository/postgres/message.go:192.16,194.3 1 0
depeche/internal/repository/postgres/message.go:196.2,196.18 1 0
depeche/internal/repository/postgres/message.go:199.99,205.16 3 0
depeche/internal/repository/postgres/message.go:205.16,207.3 1 0
depeche/internal/repository/postgres/message.go:209.2,209.24 1 0
depeche/internal/repository/postgres/message.go:212.98,219.26 3 0
depeche/internal/repository/postgres/message.go:219.26,221.3 1 0
depeche/internal/repository/postgres/message.go:222.2,222.16 1 0
depeche/internal/repository/postgres/message.go:222.16,224.3 1 0
depeche/internal/repository/postgres/message.go:226.2,226.21 1 0
depeche/internal/repository/postgres/message.go:229.86,235.16 3 0
depeche/internal/repository/postgres/message.go:235.16,237.3 1 0
depeche/internal/repository/postgres/message.go:239.2,239.16 1 0
depeche/internal/repository/postgres/message.go:239.16,241.3 1 0
depeche/internal/repository/postgres/message.go:243.2,243.18 1 0
depeche/internal/repository/postgres/message.go:246.119,249.16 3 0
depeche/internal/repository/postgres/message.go:249.16,251.3 1 0
depeche/internal/repository/postgres/message.go:252.2,253.38 2 0
depeche/internal/repository/postgres/message.go:253.38,256.17 3 0
depeche/internal/repository/postgres/message.go:256.17,258.4 1 0
depeche/internal/repository/postgres/message.go:260.3,265.17 2 0
depeche/internal/repository/postgres/message.go:265.17,267.4 1 0
depeche/internal/repository/postgres/message.go:270.2,270.16 1 0
depeche/internal/repository/postgres/message.go:270.16,272.3 1 0
depeche/internal/repository/postgres/message.go:273.2,273.12 1 0
depeche/internal/repository/postgres/post.go:19.63,23.2 1 0
depeche/internal/repository/postgres/post.go:25.113,30.26 3 0
depeche/internal/repository/postgres/post.go:30.26,32.3 1 0
depeche/internal/repository/postgres/post.go:34.2,34.16 1 0
depeche/internal/repository/postgres/post.go:34.16,36.3 1 0
depeche/internal/repository/postgres/post.go:39.2,43.16 3 0
depeche/internal/repository/postgres/post.go:43.16,44.27 1 0
depeche/internal/repository/postgres/post.go:44.27,46.4 1 0
depeche/internal/repository/postgres/post.go:46.9,48.4 1 0
depeche/internal/repository/postgres/post.go:51.2,51.31 1 0
depeche/internal/repository/postgres/post.go:54.81,62.26 3 0
depeche/internal/repository/postgres/post.go:62.26,64.3 1 0
depeche/internal/repository/postgres/post.go:65.2,65.16 1 0
depeche/internal/repository/postgres/post.go:65.16,67.3 1 0
depeche/internal/repository/postgres/post.go:69.2,69.18 1 0
depeche/internal/repository/postgres/post.go:72.108,82.16 2 0
depeche/internal/repository/postgres/post.go:82.16,84.3 1 0
depeche/internal/repository/postgres/post.go:86.2,87.16 2 0
depeche/internal/repository/postgres/post.go:87.16,89.3 1 0
depeche/internal/repository/postgres/post.go:90.2,90.19 1 0
depeche/internal/repository/postgres/post.go:93.103,102.16 2 0
depeche/internal/repository/postgres/post.go:102.16,104.3 1 0
depeche/internal/repository/postgres/post.go:106.2,107.16 2 0
depeche/internal/repository/postgres/post.go:107.16,109.3 1 0
depeche/internal/repository/postgres/post.go:111.2,111.19 1 0
depeche/internal/repository/postgres/post.go:114.79,118.2 1 0
depeche/internal/repository/postgres/post.go:120.101,122.30 1 0
depeche/internal/repository/postgres/post.go:122.31,124.3 0 0
depeche/internal/repository/postgres/post.go:124.8,127.27 3 0
depeche/internal/repository/postgres/post.go:127.27,129.4 1 0
depeche/internal/repository/postgres/post.go:130.3,130.17 1 0
depeche/internal/repository/postgres/post.go:130.17,132.4 1 0
depeche/internal/repository/postgres/post.go:134.3,134.21 1 0
depeche/internal/repository/postgres/post.go:135.14,136.20 1 0
depeche/internal/repository/postgres/post.go:137.18,139.20 1 0
depeche/internal/repository/postgres/post.go:140.11,141.158 1 0
depeche/internal/repository/postgres/post.go:145.2,145.18 1 0
depeche/internal/repository/postgres/post.go:148.95,152.16 3 0
depeche/internal/repository/postgres/post.go:152.16,154.3 1 0
depeche/internal/repository/postgres/post.go:156.2,158.30 3 0
depeche/internal/repository/postgres/post.go:158.30,161.27 3 0
depeche/internal/repository/postgres/post.go:161.27,163.40 1 0
depeche/internal/repository/postgres/post.go:163.40,165.5 1 0
depeche/internal/repository/postgres/post.go:166.4,166.150 1 0
depeche/internal/repository/postgres/post.go:168.3,168.17 1 0
depeche/internal/repository/postgres/post.go:168.17,170.4 1 0
depeche/internal/repository/postgres/post.go:171.8,171.33 1 0
depeche/internal/repository/postgres/post.go:171.33,174.79 3 0
depeche/internal/repository/postgres/post.go:174.79,176.40 1 0
depeche/internal/repository/postgres/post.go:176.40,178.5 1 0
depeche/internal/repository/postgres/post.go:179.4,179.136 1 0
depeche/internal/repository/postgres/post.go:181.3,181.17 1 0
depeche/internal/repository/postgres/post.go:181.17,183.4 1 0
depeche/internal/repository/postgres/post.go:187.2,189.16 2 0
depeche/internal/repository/postgres/post.go:189.16,190.39 1 0
depeche/internal/repository/postgres/post.go:190.39,192.4 1 0
depeche/internal/repository/postgres/post.go:193.3,193.71 1 0
depeche/internal/repository/postgres/post.go:196.2,206.26 3 0
depeche/internal/repository/postgres/post.go:206.26,208.3 1 0
depeche/internal/repository/postgres/post.go:209.2,209.16 1 0
depeche/internal/repository/postgres/post.go:209.16,211.3 1 0
depeche/internal/repository/postgres/post.go:213.2,214.16 2 0
depeche/internal/repository/postgres/post.go:214.16,216.3 1 0
depeche/internal/repository/postgres/post.go:219.2,219.20 1 0
depeche/internal/repository/postgres/post.go:222.87,225.16 3 0
depeche/internal/repository/postgres/post.go:225.16,227.3 1 0
depeche/internal/repository/postgres/post.go:228.2,229.26 2 0
depeche/internal/repository/postgres/post.go:229.26,231.3 1 0
depeche/internal/repository/postgres/post.go:232.2,232.16 1 0
depeche/internal/repository/postgres/post.go:232.16,234.3 1 0
depeche/internal/repository/postgres/post.go:236.2,236.15 1 0
depeche/internal/repository/postgres/post.go:236.15,238.3 1 0
depeche/internal/repository/postgres/post.go:240.2,247.16 4 0
depeche/internal/repository/postgres/post.go:247.16,249.3 1 0
depeche/internal/repository/postgres/post.go:251.2,251.12 1 0
depeche/internal/repository/postgres/post.go:254.87,258.16 2 0
depeche/internal/repository/postgres/post.go:258.16,260.3 1 0
depeche/internal/repository/postgres/post.go:262.2,263.16 2 0
depeche/internal/repository/postgres/post.go:263.16,265.3 1 0
depeche/internal/repository/postgres/post.go:267.2,267.23 1 0
depeche/internal/repository/postgres/post.go:267.23,269.3 1 0
depeche/internal/repository/postgres/post.go:271.2,271.12 1 0
depeche/internal/repository/postgres/post.go:274.72,277.18 3 0
depeche/internal/repository/postgres/post.go:277.18,280.17 3 0
depeche/internal/repository/postgres/post.go:280.17,282.4 1 0
depeche/internal/repository/postgres/post.go:283.3,284.30 2 0
depeche/internal/repository/postgres/post.go:286.2,286.19 1 0
depeche/internal/repository/postgres/user.go:26.65,30.2 1 0
depeche/internal/repository/postgres/user.go:32.94,36.16 4 0
depeche/internal/repository/postgres/user.go:36.16,37.27 1 0
depeche/internal/repository/postgres/user.go:37.27,39.4 1 0
depeche/internal/repository/postgres/user.go:40.3,40.43 1 0
depeche/internal/repository/postgres/user.go:42.2,42.18 1 0
depeche/internal/repository/postgres/user.go:45.72,49.16 4 0
depeche/internal/repository/postgres/user.go:49.16,51.27 2 0
depeche/internal/repository/postgres/user.go:51.27,53.4 1 0
depeche/internal/repository/postgres/user.go:54.3,54.43 1 0
depeche/internal/repository/postgres/user.go:56.2,56.18 1 0
depeche/internal/repository/postgres/user.go:59.78,63.16 4 0
depeche/internal/repository/postgres/user.go:63.16,65.27 2 0
depeche/internal/repository/postgres/user.go:65.27,67.4 1 0
depeche/internal/repository/postgres/user.go:68.3,68.43 1 0
depeche/internal/repository/postgres/user.go:70.2,70.18 1 0
depeche/internal/repository/postgres/user.go:73.80,77.16 4 0
depeche/internal/repository/postgres/user.go:77.16,78.27 1 0
depeche/internal/repository/postgres/user.go:78.27,80.4 1 0
depeche/internal/repository/postgres/user.go:81.3,81.43 1 0
depeche/internal/repository/postgres/user.go:83.2,83.18 1 0
depeche/internal/repository/postgres/user.go:86.104,89.16 3 0
depeche/internal/repository/postgres/user.go:89.16,91.3 1 0
depeche/internal/repository/postgres/user.go:92.2,92.18 1 0
depeche/internal/repository/postgres/user.go:92.18,94.47 2 0
depeche/internal/repository/postgres/user.go:94.47,96.4 1 0
depeche/internal/repository/postgres/user.go:97.3,97.30 1 0
depeche/internal/repository/postgres/user.go:99.2,99.19 1 0
depeche/internal/repository/postgres/user.go:102.107,105.16 3 0
depeche/internal/repository/postgres/user.go:105.16,107.3 1 0
depeche/internal/repository/postgres/user.go:108.2,108.18 1 0
depeche/internal/repository/postgres/user.go:108.18,110.47 2 0
depeche/internal/repository/postgres/user.go:110.47,112.4 1 0
depeche/internal/repository/postgres/user.go:113.3,113.30 1 0
depeche/internal/repository/postgres/user.go:115.2,115.19 1 0
depeche/internal/repository/postgres/user.go:118.108,121.16 3 0
depeche/internal/repository/postgres/user.go:121.16,123.3 1 0
depeche/internal/repository/postgres/user.go:124.2,124.18 1 0
depeche/internal/repository/postgres/user.go:124.18,126.47 2 0
depeche/internal/repository/postgres/user.go:126.47,128.4 1 0
depeche/internal/repository/postgres/user.go:129.3,129.30 1 0
depeche/internal/repository/postgres/user.go:131.2,131.19 1 0
depeche/internal/repository/postgres/user.go:134.95,137.16 3 0
depeche/internal/repository/postgres/user.go:137.16,138.27 1 0
depeche/internal/repository/postgres/user.go:138.27,140.4 1 0
depeche/internal/repository/postgres/user.go:141.3,141.43 1 0
depeche/internal/repository/postgres/user.go:143.2,143.18 1 0
depeche/internal/repository/postgres/user.go:143.18,145.47 2 0
depeche/internal/repository/postgres/user.go:145.47,147.4 1 0
depeche/internal/repository/postgres/user.go:148.3,148.30 1 0
depeche/internal/repository/postgres/user.go:150.2,150.19 1 0
depeche/internal/repository/postgres/user.go:153.72,155.16 2 0
depeche/internal/repository/postgres/user.go:155.16,157.3 1 0
depeche/internal/repository/postgres/user.go:158.2,158.12 1 0
depeche/internal/repository/postgres/user.go:161.70,164.16 3 0
depeche/internal/repository/postgres/user.go:164.16,166.3 1 0
depeche/internal/repository/postgres/user.go:168.2,168.20 1 0
depeche/internal/repository/postgres/user.go:171.93,173.16 2 0
depeche/internal/repository/postgres/user.go:173.16,174.37 1 0
depeche/internal/repository/postgres/user.go:174.37,175.20 1 0
depeche/internal/repository/postgres/user.go:176.35,177.45 1 0
depeche/internal/repository/postgres/user.go:178.12,179.47 1 0
depeche/internal/repository/postgres/user.go:182.3,182.45 1 0
depeche/internal/repository/postgres/user.go:184.2,184.19 1 0
depeche/internal/repository/postgres/user.go:187.83,190.16 2 0
depeche/internal/repository/postgres/user.go:190.16,194.3 2 0
depeche/internal/repository/postgres/user.go:195.2,196.16 2 0
depeche/internal/repository/postgres/user.go:196.16,198.3 1 0
depeche/internal/repository/postgres/user.go:199.2,199.19 1 0
depeche/internal/repository/postgres/user.go:202.83,204.16 2 0
depeche/internal/repository/postgres/user.go:204.16,209.3 2 0
depeche/internal/repository/postgres/user.go:210.2,211.16 2 0
depeche/internal/repository/postgres/user.go:211.16,213.3 1 0
depeche/internal/repository/postgres/user.go:214.2,214.12 1 0
depeche/internal/repository/postgres/user.go:217.83,220.16 2 0
depeche/internal/repository/postgres/user.go:220.16,224.3 2 0
depeche/internal/repository/postgres/user.go:226.2,228.16 3 0
depeche/internal/repository/postgres/user.go:228.16,233.3 2 0
depeche/internal/repository/postgres/user.go:235.2,236.16 2 0
depeche/internal/repository/postgres/user.go:236.16,241.3 2 0
depeche/internal/repository/postgres/user.go:242.2,243.16 2 0
depeche/internal/repository/postgres/user.go:243.16,248.3 2 0
depeche/internal/repository/postgres/user.go:249.2,249.18 1 0
depeche/internal/repository/postgres/user.go:252.99,256.42 3 0
depeche/internal/repository/postgres/user.go:256.42,258.10 2 0
depeche/internal/repository/postgres/user.go:258.10,259.12 1 0
depeche/internal/repository/postgres/user.go:261.3,261.63 1 0
depeche/internal/repository/postgres/user.go:261.63,264.4 2 0
depeche/internal/repository/postgres/user.go:266.2,271.16 6 0
depeche/internal/repository/postgres/user.go:271.16,274.3 2 0
depeche/internal/repository/postgres/user.go:276.2,277.16 2 0
depeche/internal/repository/postgres/user.go:277.16,279.3 1 0
depeche/internal/repository/postgres/user.go:281.2,281.17 1 0
depeche/internal/repository/postgres/user.go:296.58,299.16 3 0
depeche/internal/repository/postgres/user.go:299.16,301.3 1 0
depeche/internal/repository/postgres/user.go:302.2,302.12 1 0
depeche/internal/repository/postgres/user.go:305.118,307.16 2 0
depeche/internal/repository/postgres/user.go:307.16,308.27 1 0
depeche/internal/repository/postgres/user.go:308.27,310.4 1 0
depeche/internal/repository/postgres/user.go:311.3,311.43 1 0
depeche/internal/repository/postgres/user.go:314.2,315.18 2 0
depeche/internal/repository/postgres/user.go:315.18,318.17 3 0
depeche/internal/repository/postgres/user.go:318.17,320.4 1 0
depeche/internal/repository/postgres/user.go:321.3,321.39 1 0
depeche/internal/repository/postgres/user.go:323.2,323.22 1 0
depeche/internal/repository/postgres/user.go:328.79,331.16 3 0
depeche/internal/repository/postgres/user.go:331.16,333.3 1 0
depeche/internal/repository/postgres/user.go:334.2,334.22 1 0
depeche/internal/repository/postgres/user.go:338.83,341.16 3 0
depeche/internal/repository/postgres/user.go:341.16,343.3 1 0
depeche/internal/repository/postgres/user.go:344.2,344.19 1 0
depeche/internal/repository/postgres/user.go:348.83,351.16 3 0
depeche/internal/repository/postgres/user.go:351.16,353.3 1 0
depeche/internal/repository/postgres/user.go:354.2,354.19 1 0
depeche/internal/repository/postgres/user.go:358.88,361.16 3 0
depeche/internal/repository/postgres/user.go:361.16,363.3 1 0
depeche/internal/repository/postgres/user.go:364.2,364.21 1 0
